<?xml version="1.0" encoding="UTF-8"?>
<!-- Generated by org.testng.reporters.JUnitXMLReporter -->
<testsuite ignored="0" hostname="LAPTOP-B5LLFCD0" failures="1" tests="5" name="Test" time="6.717" errors="0" timestamp="26 Oct 2022 06:23:04 GMT">
  <testcase classname="testCases.TC_VideoGameAPI" name="Test_getAllVideoGame" time="2.11"/>
  <testcase classname="testCases.TC_VideoGameAPI" name="Test_addNewVideoGame" time="0.672"/>
  <testcase classname="testCases.TC_VideoGameAPI" name="Test_getVideoGame" time="0.697">
    <failure type="java.lang.AssertionError" message="1 expectation failed.
XML path VideoGame.name doesn&amp;apos;t match.
Expected: IroMan
  Actual: IronMan
">
      <![CDATA[java.lang.AssertionError: 1 expectation failed.
XML path VideoGame.name doesn't match.
Expected: IroMan
  Actual: IronMan

at org.codehaus.groovy.runtime.callsite.ConstructorSite$ConstructorSiteNoUnwrap.callConstructor(ConstructorSite.java:84)
at org.codehaus.groovy.runtime.callsite.CallSiteArray.defaultCallConstructor(CallSiteArray.java:59)
at org.codehaus.groovy.runtime.callsite.AbstractCallSite.callConstructor(AbstractCallSite.java:237)
at org.codehaus.groovy.runtime.callsite.AbstractCallSite.callConstructor(AbstractCallSite.java:249)
at io.restassured.internal.ResponseSpecificationImpl$HamcrestAssertionClosure.validate(ResponseSpecificationImpl.groovy:493)
at io.restassured.internal.ResponseSpecificationImpl$HamcrestAssertionClosure$validate$1.call(Unknown Source)
at io.restassured.internal.ResponseSpecificationImpl.validateResponseIfRequired(ResponseSpecificationImpl.groovy:671)
at org.codehaus.groovy.runtime.callsite.PlainObjectMetaMethodSite.doInvoke(PlainObjectMetaMethodSite.java:43)
at org.codehaus.groovy.runtime.callsite.PogoMetaMethodSite$PogoCachedMethodSiteNoUnwrapNoCoerce.invoke(PogoMetaMethodSite.java:190)
at org.codehaus.groovy.runtime.callsite.PogoMetaMethodSite.callCurrent(PogoMetaMethodSite.java:58)
at org.codehaus.groovy.runtime.callsite.AbstractCallSite.callCurrent(AbstractCallSite.java:168)
at io.restassured.internal.ResponseSpecificationImpl.body(ResponseSpecificationImpl.groovy:261)
at io.restassured.specification.ResponseSpecification$body$1.callCurrent(Unknown Source)
at io.restassured.internal.ResponseSpecificationImpl.body(ResponseSpecificationImpl.groovy:108)
at io.restassured.internal.ValidatableResponseOptionsImpl.body(ValidatableResponseOptionsImpl.java:244)
at io.restassured.internal.ValidatableResponseImpl.super$2$body(ValidatableResponseImpl.groovy)
at groovy.lang.MetaMethod.doMethodInvoke(MetaMethod.java:323)
at groovy.lang.MetaClassImpl.invokeMethod(MetaClassImpl.java:1217)
at org.codehaus.groovy.runtime.ScriptBytecodeAdapter.invokeMethodOnSuperN(ScriptBytecodeAdapter.java:144)
at io.restassured.internal.ValidatableResponseImpl.body(ValidatableResponseImpl.groovy:298)
at io.restassured.internal.ValidatableResponseImpl.body(ValidatableResponseImpl.groovy)
at testCases.TC_VideoGameAPI.Test_getVideoGame(TC_VideoGameAPI.java:67)
... Removed 41 stack frames]]>
    </failure>
  </testcase> <!-- Test_getVideoGame -->
  <testcase classname="testCases.TC_VideoGameAPI" name="Test_updateVideoGame" time="0.111"/>
  <testcase classname="testCases.TC_VideoGameAPI" name="Test_deleteVideoGame" time="3.06"/>
</testsuite> <!-- Test -->
